
============================================================
Время: 2025-12-02 22:20:35
Фамилия: marko
Имя: ma
Email: markoffka.kuznetsov@mail.ru
Образование: student
Профессия: киберинженер
Пол: Мужской
Готов остаться: Да

Мотивация:
fefefefefefefefefefee

Фото сохранено: red-planet-martian-surface-dust-649181757_e4cba3.webp
Путь: d:\work\code\7HomeWork\static\uploads\red-planet-martian-surface-dust-649181757_e4cba3.webp
============================================================

============================================================
Время: 2025-12-02 22:22:13
Фамилия: efcwcw
Имя: weccew
Email: cwecwe@mail.ru
Образование: cwecew
Профессия: инженер-исследователь
Пол: Мужской
Готов остаться: Нет

Мотивация:
cwecwe6ujyhtrgfeyhrtbg
============================================================
